yolox_x,YoloX,FP32,21.878593
yolox_l,YoloX,FP32,12.307775
yolox_m,YoloX,FP32,6.862493
yolox_s,YoloX,FP32,3.088230
yolox_x,YoloX,FP16,6.763172
yolox_l,YoloX,FP16,3.933125
yolox_m,YoloX,FP16,2.515380
yolox_s,YoloX,FP16,1.361513
yolox_x,YoloX,INT8,4.070348
yolox_l,YoloX,INT8,2.443748
yolox_m,YoloX,INT8,1.730153
yolox_s,YoloX,INT8,1.060275
yolov5x6,YoloV5,FP32,68.021873
yolov5l6,YoloV5,FP32,37.931019
yolov5m6,YoloV5,FP32,20.126572
yolov5s6,YoloV5,FP32,8.714699
yolov5x,YoloV5,FP32,18.480438
yolov5l,YoloV5,FP32,10.110495
yolov5m,YoloV5,FP32,5.639105
yolov5s,YoloV5,FP32,2.577830
yolov5x6,YoloV5,FP16,20.876776
yolov5l6,YoloV5,FP16,10.960430
yolov5m6,YoloV5,FP16,7.236132
yolov5s6,YoloV5,FP16,3.850909
yolov5x,YoloV5,FP16,5.932943
yolov5l,YoloV5,FP16,3.449895
yolov5m,YoloV5,FP16,2.183894
yolov5s,YoloV5,FP16,1.307020
yolov5x6,YoloV5,INT8,12.207002
yolov5l6,YoloV5,INT8,7.220590
yolov5m6,YoloV5,INT8,5.247983
yolov5s6,YoloV5,INT8,3.149182
yolov5x,YoloV5,INT8,3.704067
yolov5l,YoloV5,INT8,2.254646
yolov5m,YoloV5,INT8,1.673910
yolov5s,YoloV5,INT8,1.142970
yolox_x_fast,YoloX,FP32,21.598066
yolox_l_fast,YoloX,FP32,12.199142
yolox_m_fast,YoloX,FP32,6.818730
yolox_s_fast,YoloX,FP32,2.978572
yolox_x_fast,YoloX,FP16,6.763908
yolox_l_fast,YoloX,FP16,3.866307
yolox_m_fast,YoloX,FP16,2.385723
yolox_s_fast,YoloX,FP16,1.258880
yolox_x_fast,YoloX,INT8,3.917500
yolox_l_fast,YoloX,INT8,2.291597
yolox_m_fast,YoloX,INT8,1.588600
yolox_s_fast,YoloX,INT8,0.953770
yolov5x6_fast,YoloV5_P6,FP32,67.074646
yolov5l6_fast,YoloV5_P6,FP32,37.491497
yolov5m6_fast,YoloV5_P6,FP32,19.421638
yolov5s6_fast,YoloV5_P6,FP32,7.900498
yolov5x_fast,YoloV5_P5,FP32,18.554192
yolov5l_fast,YoloV5_P5,FP32,10.059522
yolov5m_fast,YoloV5_P5,FP32,5.499918
yolov5s_fast,YoloV5_P5,FP32,2.341545
yolov5x6_fast,YoloV5_P6,FP16,20.538332
yolov5l6_fast,YoloV5_P6,FP16,10.403952
yolov5m6_fast,YoloV5_P6,FP16,6.576503
yolov5s6_fast,YoloV5_P6,FP16,3.086530
yolov5x_fast,YoloV5_P5,FP16,5.918772
yolov5l_fast,YoloV5_P5,FP16,3.347970
yolov5m_fast,YoloV5_P5,FP16,2.014731
yolov5s_fast,YoloV5_P5,FP16,1.087398
yolov5x6_fast,YoloV5_P6,INT8,11.236078
yolov5l6_fast,YoloV5_P6,INT8,6.235152
yolov5m6_fast,YoloV5_P6,INT8,4.310857
yolov5s6_fast,YoloV5_P6,INT8,2.139265
yolov5x_fast,YoloV5_P5,INT8,3.455733
yolov5l_fast,YoloV5_P5,INT8,2.018540
yolov5m_fast,YoloV5_P5,INT8,1.425082
yolov5s_fast,YoloV5_P5,INT8,0.843550
